<?xml version="1.0" encoding="UTF-8"?>
<robot generator="Robot 7.1 (Python 3.10.12 on linux)" generated="2024-09-26T18:05:08.934600" rpa="false" schemaversion="5">
<suite id="s1" name="Login Tests" source="/home/anacarolina/Documentos/Projetos/robot-practice/login_tests.robot">
<test id="s1-t1" name="CT01 - Login without type credentials" line="7">
<kw name="Open the browser" owner="login_resources" type="SETUP">
<kw name="Open Browser" owner="SeleniumLibrary">
<msg time="2024-09-26T18:05:10.031157" level="INFO">Opening browser 'firefox' to base url 'None'.</msg>
<doc>Opens a new browser instance to the optional ``url``.</doc>
<status status="PASS" start="2024-09-26T18:05:10.026087" elapsed="16.462874"/>
</kw>
<kw name="Maximize Browser Window" owner="SeleniumLibrary">
<doc>Maximizes current browser window.</doc>
<status status="PASS" start="2024-09-26T18:05:26.490747" elapsed="0.374192"/>
</kw>
<kw name="Go To" owner="SeleniumLibrary">
<msg time="2024-09-26T18:05:26.881106" level="INFO">Opening url 'https://thinking-tester-contact-list.herokuapp.com/login'</msg>
<arg>url=${URL}</arg>
<doc>Navigates the current browser window to the provided ``url``.</doc>
<status status="PASS" start="2024-09-26T18:05:26.869122" elapsed="1.650210"/>
</kw>
<status status="PASS" start="2024-09-26T18:05:10.018284" elapsed="18.506539"/>
</kw>
<kw name="Click submit button" owner="login_resources">
<kw name="Wait Until Element Is Visible" owner="SeleniumLibrary">
<arg>${LOGIN_TITLE}</arg>
<doc>Waits until the element ``locator`` is visible.</doc>
<status status="PASS" start="2024-09-26T18:05:28.554707" elapsed="0.867642"/>
</kw>
<kw name="Click Element" owner="SeleniumLibrary">
<msg time="2024-09-26T18:05:29.426397" level="INFO">Clicking element 'xpath: //*[@id="submit"]'.</msg>
<arg>${SUBMIT_LOGIN}</arg>
<doc>Click the element identified by ``locator``.</doc>
<status status="PASS" start="2024-09-26T18:05:29.424007" elapsed="0.546257"/>
</kw>
<status status="PASS" start="2024-09-26T18:05:28.540002" elapsed="1.431518"/>
</kw>
<kw name="Check error message" owner="login_resources">
<kw name="Element Text Should Be" owner="SeleniumLibrary">
<msg time="2024-09-26T18:05:29.979611" level="INFO">Verifying element 'xpath: //*[@id="error"]' contains exact text 'Incorrect username or password'.</msg>
<arg>${ERROR_MESSAGE}</arg>
<arg>Incorrect username or password</arg>
<doc>Verifies that element ``locator`` contains exact the text ``expected``.</doc>
<status status="PASS" start="2024-09-26T18:05:29.977363" elapsed="0.090538"/>
</kw>
<status status="PASS" start="2024-09-26T18:05:29.974573" elapsed="0.094791"/>
</kw>
<kw name="Close the browser" owner="login_resources" type="TEARDOWN">
<kw name="Close Browser" owner="SeleniumLibrary">
<doc>Closes the current browser.</doc>
<status status="PASS" start="2024-09-26T18:05:30.075739" elapsed="4.480051"/>
</kw>
<status status="PASS" start="2024-09-26T18:05:30.072901" elapsed="4.484701"/>
</kw>
<doc>This test case will try to login without type credentials</doc>
<tag>login</tag>
<status status="PASS" start="2024-09-26T18:05:10.011922" elapsed="24.547240"/>
</test>
<test id="s1-t2" name="CT02 - Login with invalid credentials" line="13">
<kw name="Open the browser" owner="login_resources" type="SETUP">
<kw name="Open Browser" owner="SeleniumLibrary">
<msg time="2024-09-26T18:05:34.576808" level="INFO">Opening browser 'firefox' to base url 'None'.</msg>
<doc>Opens a new browser instance to the optional ``url``.</doc>
<status status="PASS" start="2024-09-26T18:05:34.574489" elapsed="17.359690"/>
</kw>
<kw name="Maximize Browser Window" owner="SeleniumLibrary">
<doc>Maximizes current browser window.</doc>
<status status="PASS" start="2024-09-26T18:05:51.935653" elapsed="0.344677"/>
</kw>
<kw name="Go To" owner="SeleniumLibrary">
<msg time="2024-09-26T18:05:52.285638" level="INFO">Opening url 'https://thinking-tester-contact-list.herokuapp.com/login'</msg>
<arg>url=${URL}</arg>
<doc>Navigates the current browser window to the provided ``url``.</doc>
<status status="PASS" start="2024-09-26T18:05:52.282255" elapsed="1.465148"/>
</kw>
<status status="PASS" start="2024-09-26T18:05:34.569321" elapsed="19.183035"/>
</kw>
<kw name="Type invalid email" owner="login_resources">
<kw name="Input Text" owner="SeleniumLibrary">
<msg time="2024-09-26T18:05:53.789750" level="INFO">Typing text 'invalid' into text field 'xpath: //*[@id="email"]'.</msg>
<arg>xpath: //*[@id="email"]</arg>
<arg>invalid</arg>
<doc>Types the given ``text`` into the text field identified by ``locator``.</doc>
<status status="PASS" start="2024-09-26T18:05:53.777471" elapsed="1.116980"/>
</kw>
<status status="PASS" start="2024-09-26T18:05:53.774327" elapsed="1.121368"/>
</kw>
<kw name="Type invalid password" owner="login_resources">
<kw name="Input Text" owner="SeleniumLibrary">
<msg time="2024-09-26T18:05:54.902532" level="INFO">Typing text 'invalid' into text field 'xpath: //*[@id="password"]'.</msg>
<arg>xpath: //*[@id="password"]</arg>
<arg>invalid</arg>
<doc>Types the given ``text`` into the text field identified by ``locator``.</doc>
<status status="PASS" start="2024-09-26T18:05:54.900092" elapsed="0.177051"/>
</kw>
<status status="PASS" start="2024-09-26T18:05:54.897448" elapsed="0.182894"/>
</kw>
<kw name="Click submit button" owner="login_resources">
<kw name="Wait Until Element Is Visible" owner="SeleniumLibrary">
<arg>${LOGIN_TITLE}</arg>
<doc>Waits until the element ``locator`` is visible.</doc>
<status status="PASS" start="2024-09-26T18:05:55.093191" elapsed="0.100729"/>
</kw>
<kw name="Click Element" owner="SeleniumLibrary">
<msg time="2024-09-26T18:05:55.197593" level="INFO">Clicking element 'xpath: //*[@id="submit"]'.</msg>
<arg>${SUBMIT_LOGIN}</arg>
<doc>Click the element identified by ``locator``.</doc>
<status status="PASS" start="2024-09-26T18:05:55.195375" elapsed="0.286328"/>
</kw>
<status status="PASS" start="2024-09-26T18:05:55.084360" elapsed="0.398352"/>
</kw>
<kw name="Check error message" owner="login_resources">
<kw name="Element Text Should Be" owner="SeleniumLibrary">
<msg time="2024-09-26T18:05:55.489778" level="INFO">Verifying element 'xpath: //*[@id="error"]' contains exact text 'Incorrect username or password'.</msg>
<arg>${ERROR_MESSAGE}</arg>
<arg>Incorrect username or password</arg>
<doc>Verifies that element ``locator`` contains exact the text ``expected``.</doc>
<status status="PASS" start="2024-09-26T18:05:55.487630" elapsed="0.066972"/>
</kw>
<status status="PASS" start="2024-09-26T18:05:55.484687" elapsed="0.071399"/>
</kw>
<kw name="Close the browser" owner="login_resources" type="TEARDOWN">
<kw name="Close Browser" owner="SeleniumLibrary">
<doc>Closes the current browser.</doc>
<status status="PASS" start="2024-09-26T18:05:55.565938" elapsed="4.186704"/>
</kw>
<status status="PASS" start="2024-09-26T18:05:55.558674" elapsed="4.194996"/>
</kw>
<doc>This test case will try to login with invalid email and password</doc>
<tag>login</tag>
<status status="PASS" start="2024-09-26T18:05:34.563975" elapsed="25.191221"/>
</test>
<test id="s1-t3" name="CT03 - Login with valid credentials" line="21">
<kw name="Open the browser" owner="login_resources" type="SETUP">
<kw name="Open Browser" owner="SeleniumLibrary">
<msg time="2024-09-26T18:05:59.771533" level="INFO">Opening browser 'firefox' to base url 'None'.</msg>
<doc>Opens a new browser instance to the optional ``url``.</doc>
<status status="PASS" start="2024-09-26T18:05:59.767189" elapsed="16.696444"/>
</kw>
<kw name="Maximize Browser Window" owner="SeleniumLibrary">
<doc>Maximizes current browser window.</doc>
<status status="PASS" start="2024-09-26T18:06:16.464871" elapsed="0.442381"/>
</kw>
<kw name="Go To" owner="SeleniumLibrary">
<msg time="2024-09-26T18:06:16.911240" level="INFO">Opening url 'https://thinking-tester-contact-list.herokuapp.com/login'</msg>
<arg>url=${URL}</arg>
<doc>Navigates the current browser window to the provided ``url``.</doc>
<status status="PASS" start="2024-09-26T18:06:16.909008" elapsed="1.672930"/>
</kw>
<status status="PASS" start="2024-09-26T18:05:59.763986" elapsed="18.820380"/>
</kw>
<kw name="Type valid email" owner="login_resources">
<kw name="Input Text" owner="SeleniumLibrary">
<msg time="2024-09-26T18:06:18.625121" level="INFO">Typing text 'ana@teste.com' into text field 'xpath: //*[@id="email"]'.</msg>
<arg>${VALID_USERNAME}</arg>
<arg>${d_username}</arg>
<doc>Types the given ``text`` into the text field identified by ``locator``.</doc>
<status status="PASS" start="2024-09-26T18:06:18.602230" elapsed="1.091524"/>
</kw>
<status status="PASS" start="2024-09-26T18:06:18.590867" elapsed="1.107476"/>
</kw>
<kw name="Type valid password" owner="login_resources">
<kw name="Input Text" owner="SeleniumLibrary">
<msg time="2024-09-26T18:06:19.756861" level="INFO">Typing text '1234567' into text field 'xpath: //*[@id="password"]'.</msg>
<arg>${VALID_PASSWORD}</arg>
<arg>${d_password}</arg>
<doc>Types the given ``text`` into the text field identified by ``locator``.</doc>
<status status="PASS" start="2024-09-26T18:06:19.738135" elapsed="0.424256"/>
</kw>
<status status="PASS" start="2024-09-26T18:06:19.716605" elapsed="0.447606"/>
</kw>
<kw name="Click submit button" owner="login_resources">
<kw name="Wait Until Element Is Visible" owner="SeleniumLibrary">
<arg>${LOGIN_TITLE}</arg>
<doc>Waits until the element ``locator`` is visible.</doc>
<status status="PASS" start="2024-09-26T18:06:20.170533" elapsed="0.076428"/>
</kw>
<kw name="Click Element" owner="SeleniumLibrary">
<msg time="2024-09-26T18:06:20.250430" level="INFO">Clicking element 'xpath: //*[@id="submit"]'.</msg>
<arg>${SUBMIT_LOGIN}</arg>
<doc>Click the element identified by ``locator``.</doc>
<status status="PASS" start="2024-09-26T18:06:20.248478" elapsed="0.280696"/>
</kw>
<status status="PASS" start="2024-09-26T18:06:20.167258" elapsed="0.362664"/>
</kw>
<kw name="Check success message" owner="login_resources">
<kw name="Wait Until Element Is Visible" owner="SeleniumLibrary">
<arg>${logged_message}</arg>
<doc>Waits until the element ``locator`` is visible.</doc>
<status status="PASS" start="2024-09-26T18:06:20.535232" elapsed="0.785495"/>
</kw>
<kw name="Element Text Should Be" owner="SeleniumLibrary">
<msg time="2024-09-26T18:06:21.325092" level="INFO">Verifying element 'xpath: /html/body/div/header/h1' contains exact text 'Contact List'.</msg>
<arg>${logged_message}</arg>
<arg>Contact List</arg>
<doc>Verifies that element ``locator`` contains exact the text ``expected``.</doc>
<status status="PASS" start="2024-09-26T18:06:21.322634" elapsed="0.228313"/>
</kw>
<status status="PASS" start="2024-09-26T18:06:20.532630" elapsed="1.020825"/>
</kw>
<kw name="Close the browser" owner="login_resources" type="TEARDOWN">
<kw name="Close Browser" owner="SeleniumLibrary">
<doc>Closes the current browser.</doc>
<status status="PASS" start="2024-09-26T18:06:21.563647" elapsed="4.515394"/>
</kw>
<status status="PASS" start="2024-09-26T18:06:21.560234" elapsed="4.519584"/>
</kw>
<doc>This test case will try to login with valid email and password</doc>
<tag>login</tag>
<status status="PASS" start="2024-09-26T18:05:59.759257" elapsed="26.321949"/>
</test>
<status status="PASS" start="2024-09-26T18:05:08.966591" elapsed="77.120160"/>
</suite>
<statistics>
<total>
<stat pass="3" fail="0" skip="0">All Tests</stat>
</total>
<tag>
<stat pass="3" fail="0" skip="0">login</stat>
</tag>
<suite>
<stat pass="3" fail="0" skip="0" id="s1" name="Login Tests">Login Tests</stat>
</suite>
</statistics>
<errors>
</errors>
</robot>
